<?xml version="1.0" encoding="UTF-8"?>
<!-- Generated by org.testng.reporters.JUnitReportReporter -->
<testsuite hostname="DESKTOP-EHCOVCA" failures="0" tests="1" name="com.hrms.testScripts.TC_001" time="29.787" errors="0" timestamp="16 Dec 2020 16:15:58 GMT">
  <testcase classname="com.hrms.testScripts.TC_001" name="tc001" time="29.787"/>
</testsuite> <!-- com.hrms.testScripts.TC_001 -->
