<?xml version="1.0" encoding="UTF-8"?>
<!-- Generated by org.testng.reporters.JUnitReportReporter -->
<testsuite hostname="DESKTOP-EHCOVCA" failures="0" tests="1" name="com.hrms.testScripts.TC_002" time="10.759" errors="0" timestamp="17 Dec 2020 06:54:48 GMT">
  <testcase classname="com.hrms.testScripts.TC_002" name="tc002" time="10.759"/>
</testsuite> <!-- com.hrms.testScripts.TC_002 -->
